2016-01-19 16:16:52 [::1][2][khq1tla9v92fe91f0r6ub61k04][error][yii\web\HttpException:404] exception 'yii\base\InvalidRouteException' with message 'Unable to resolve the request "categories/create".' in C:\xampp\htdocs\blogyii\vendor\yiisoft\yii2\base\Module.php:460
Stack trace:
#0 C:\xampp\htdocs\blogyii\vendor\yiisoft\yii2\web\Application.php(84): yii\base\Module->runAction('categories/crea...', Array)
#1 C:\xampp\htdocs\blogyii\vendor\yiisoft\yii2\base\Application.php(375): yii\web\Application->handleRequest(Object(yii\web\Request))
#2 C:\xampp\htdocs\blogyii\index.php(18): yii\base\Application->run()
#3 {main}

Next exception 'yii\web\NotFoundHttpException' with message 'Page not found.' in C:\xampp\htdocs\blogyii\vendor\yiisoft\yii2\web\Application.php:96
Stack trace:
#0 C:\xampp\htdocs\blogyii\vendor\yiisoft\yii2\base\Application.php(375): yii\web\Application->handleRequest(Object(yii\web\Request))
#1 C:\xampp\htdocs\blogyii\index.php(18): yii\base\Application->run()
#2 {main}
2016-01-19 16:16:51 [::1][2][khq1tla9v92fe91f0r6ub61k04][info][application] $_COOKIE = [
    '_frontendCsrf' => 'adc85fa517d21d3652e7aab60fea1179cee5b66dba3de63bd37125256e74ff3ba:2:{i:0;s:13:\"_frontendCsrf\";i:1;s:32:\"WQw4maFi_Z9nG2fTPxBx6EEKETBpy0fB\";}'
    '_frontendSessionId' => 'khq1tla9v92fe91f0r6ub61k04'
]

$_SESSION = [
    '__flash' => []
    '__id' => 2
]

$_SERVER = [
    'REDIRECT_MIBDIRS' => 'C:/xampp/php/extras/mibs'
    'REDIRECT_MYSQL_HOME' => '\\xampp\\mysql\\bin'
    'REDIRECT_OPENSSL_CONF' => 'C:/xampp/apache/bin/openssl.cnf'
    'REDIRECT_PHP_PEAR_SYSCONF_DIR' => '\\xampp\\php'
    'REDIRECT_PHPRC' => '\\xampp\\php'
    'REDIRECT_TMP' => '\\xampp\\tmp'
    'REDIRECT_STATUS' => '200'
    'MIBDIRS' => 'C:/xampp/php/extras/mibs'
    'MYSQL_HOME' => '\\xampp\\mysql\\bin'
    'OPENSSL_CONF' => 'C:/xampp/apache/bin/openssl.cnf'
    'PHP_PEAR_SYSCONF_DIR' => '\\xampp\\php'
    'PHPRC' => '\\xampp\\php'
    'TMP' => '\\xampp\\tmp'
    'HTTP_HOST' => 'localhost:8080'
    'HTTP_CONNECTION' => 'keep-alive'
    'HTTP_ACCEPT' => 'text/html,application/xhtml+xml,application/xml;q=0.9,image/webp,*/*;q=0.8'
    'HTTP_UPGRADE_INSECURE_REQUESTS' => '1'
    'HTTP_USER_AGENT' => 'Mozilla/5.0 (Windows NT 6.3; WOW64) AppleWebKit/537.36 (KHTML, like Gecko) Chrome/47.0.2526.111 Safari/537.36'
    'HTTP_ACCEPT_ENCODING' => 'gzip, deflate, sdch'
    'HTTP_ACCEPT_LANGUAGE' => 'es-ES,es;q=0.8'
    'HTTP_COOKIE' => '_frontendCsrf=adc85fa517d21d3652e7aab60fea1179cee5b66dba3de63bd37125256e74ff3ba%3A2%3A%7Bi%3A0%3Bs%3A13%3A%22_frontendCsrf%22%3Bi%3A1%3Bs%3A32%3A%22WQw4maFi_Z9nG2fTPxBx6EEKETBpy0fB%22%3B%7D; _frontendSessionId=khq1tla9v92fe91f0r6ub61k04'
    'PATH' => 'C:\\Program Files (x86)\\Intel\\TXE Components\\TCS\\;C:\\Program Files\\Intel\\TXE Components\\TCS\\;C:\\Windows\\system32;C:\\Windows;C:\\Windows\\System32\\Wbem;C:\\Windows\\System32\\WindowsPowerShell\\v1.0\\;C:\\Program Files (x86)\\Skype\\Phone\\;C:\\Program Files (x86)\\Windows Kits\\8.1\\Windows Performance Toolkit\\;C:\\Program Files\\Microsoft SQL Server\\110\\Tools\\Binn\\;C:\\xampp\\php;C:\\ProgramData\\ComposerSetup\\bin;'
    'SystemRoot' => 'C:\\Windows'
    'COMSPEC' => 'C:\\Windows\\system32\\cmd.exe'
    'PATHEXT' => '.COM;.EXE;.BAT;.CMD;.VBS;.VBE;.JS;.JSE;.WSF;.WSH;.MSC'
    'WINDIR' => 'C:\\Windows'
    'SERVER_SIGNATURE' => '<address>Apache/2.4.10 (Win32) OpenSSL/1.0.1i PHP/5.6.3 Server at localhost Port 8080</address>
'
    'SERVER_SOFTWARE' => 'Apache/2.4.10 (Win32) OpenSSL/1.0.1i PHP/5.6.3'
    'SERVER_NAME' => 'localhost'
    'SERVER_ADDR' => '::1'
    'SERVER_PORT' => '8080'
    'REMOTE_ADDR' => '::1'
    'DOCUMENT_ROOT' => 'C:/xampp/htdocs'
    'REQUEST_SCHEME' => 'http'
    'CONTEXT_PREFIX' => ''
    'CONTEXT_DOCUMENT_ROOT' => 'C:/xampp/htdocs'
    'SERVER_ADMIN' => 'postmaster@localhost'
    'SCRIPT_FILENAME' => 'C:/xampp/htdocs/blogyii/index.php'
    'REMOTE_PORT' => '3309'
    'REDIRECT_URL' => '/blogyii/categories/create'
    'GATEWAY_INTERFACE' => 'CGI/1.1'
    'SERVER_PROTOCOL' => 'HTTP/1.1'
    'REQUEST_METHOD' => 'GET'
    'QUERY_STRING' => ''
    'REQUEST_URI' => '/blogyii/categories/create'
    'SCRIPT_NAME' => '/blogyii/index.php'
    'PHP_SELF' => '/blogyii/index.php'
    'REQUEST_TIME_FLOAT' => 1453216611.914
    'REQUEST_TIME' => 1453216611
]
2016-01-19 16:37:16 [::1][2][khq1tla9v92fe91f0r6ub61k04][error][yii\web\HttpException:404] exception 'yii\base\InvalidRouteException' with message 'Unable to resolve the request "categories/create".' in C:\xampp\htdocs\blogyii\vendor\yiisoft\yii2\base\Module.php:460
Stack trace:
#0 C:\xampp\htdocs\blogyii\vendor\yiisoft\yii2\web\Application.php(84): yii\base\Module->runAction('categories/crea...', Array)
#1 C:\xampp\htdocs\blogyii\vendor\yiisoft\yii2\base\Application.php(375): yii\web\Application->handleRequest(Object(yii\web\Request))
#2 C:\xampp\htdocs\blogyii\index.php(18): yii\base\Application->run()
#3 {main}

Next exception 'yii\web\NotFoundHttpException' with message 'Page not found.' in C:\xampp\htdocs\blogyii\vendor\yiisoft\yii2\web\Application.php:96
Stack trace:
#0 C:\xampp\htdocs\blogyii\vendor\yiisoft\yii2\base\Application.php(375): yii\web\Application->handleRequest(Object(yii\web\Request))
#1 C:\xampp\htdocs\blogyii\index.php(18): yii\base\Application->run()
#2 {main}
2016-01-19 16:37:16 [::1][2][khq1tla9v92fe91f0r6ub61k04][info][application] $_COOKIE = [
    '_frontendCsrf' => 'adc85fa517d21d3652e7aab60fea1179cee5b66dba3de63bd37125256e74ff3ba:2:{i:0;s:13:\"_frontendCsrf\";i:1;s:32:\"WQw4maFi_Z9nG2fTPxBx6EEKETBpy0fB\";}'
    '_frontendSessionId' => 'khq1tla9v92fe91f0r6ub61k04'
]

$_SESSION = [
    '__flash' => []
    '__id' => 2
]

$_SERVER = [
    'REDIRECT_MIBDIRS' => 'C:/xampp/php/extras/mibs'
    'REDIRECT_MYSQL_HOME' => '\\xampp\\mysql\\bin'
    'REDIRECT_OPENSSL_CONF' => 'C:/xampp/apache/bin/openssl.cnf'
    'REDIRECT_PHP_PEAR_SYSCONF_DIR' => '\\xampp\\php'
    'REDIRECT_PHPRC' => '\\xampp\\php'
    'REDIRECT_TMP' => '\\xampp\\tmp'
    'REDIRECT_STATUS' => '200'
    'MIBDIRS' => 'C:/xampp/php/extras/mibs'
    'MYSQL_HOME' => '\\xampp\\mysql\\bin'
    'OPENSSL_CONF' => 'C:/xampp/apache/bin/openssl.cnf'
    'PHP_PEAR_SYSCONF_DIR' => '\\xampp\\php'
    'PHPRC' => '\\xampp\\php'
    'TMP' => '\\xampp\\tmp'
    'HTTP_HOST' => 'localhost:8080'
    'HTTP_CONNECTION' => 'keep-alive'
    'HTTP_ACCEPT' => 'text/html,application/xhtml+xml,application/xml;q=0.9,image/webp,*/*;q=0.8'
    'HTTP_UPGRADE_INSECURE_REQUESTS' => '1'
    'HTTP_USER_AGENT' => 'Mozilla/5.0 (Windows NT 6.3; WOW64) AppleWebKit/537.36 (KHTML, like Gecko) Chrome/47.0.2526.111 Safari/537.36'
    'HTTP_ACCEPT_ENCODING' => 'gzip, deflate, sdch'
    'HTTP_ACCEPT_LANGUAGE' => 'es-ES,es;q=0.8'
    'HTTP_COOKIE' => '_frontendCsrf=adc85fa517d21d3652e7aab60fea1179cee5b66dba3de63bd37125256e74ff3ba%3A2%3A%7Bi%3A0%3Bs%3A13%3A%22_frontendCsrf%22%3Bi%3A1%3Bs%3A32%3A%22WQw4maFi_Z9nG2fTPxBx6EEKETBpy0fB%22%3B%7D; _frontendSessionId=khq1tla9v92fe91f0r6ub61k04'
    'PATH' => 'C:\\Program Files (x86)\\Intel\\TXE Components\\TCS\\;C:\\Program Files\\Intel\\TXE Components\\TCS\\;C:\\Windows\\system32;C:\\Windows;C:\\Windows\\System32\\Wbem;C:\\Windows\\System32\\WindowsPowerShell\\v1.0\\;C:\\Program Files (x86)\\Skype\\Phone\\;C:\\Program Files (x86)\\Windows Kits\\8.1\\Windows Performance Toolkit\\;C:\\Program Files\\Microsoft SQL Server\\110\\Tools\\Binn\\;C:\\xampp\\php;C:\\ProgramData\\ComposerSetup\\bin;'
    'SystemRoot' => 'C:\\Windows'
    'COMSPEC' => 'C:\\Windows\\system32\\cmd.exe'
    'PATHEXT' => '.COM;.EXE;.BAT;.CMD;.VBS;.VBE;.JS;.JSE;.WSF;.WSH;.MSC'
    'WINDIR' => 'C:\\Windows'
    'SERVER_SIGNATURE' => '<address>Apache/2.4.10 (Win32) OpenSSL/1.0.1i PHP/5.6.3 Server at localhost Port 8080</address>
'
    'SERVER_SOFTWARE' => 'Apache/2.4.10 (Win32) OpenSSL/1.0.1i PHP/5.6.3'
    'SERVER_NAME' => 'localhost'
    'SERVER_ADDR' => '::1'
    'SERVER_PORT' => '8080'
    'REMOTE_ADDR' => '::1'
    'DOCUMENT_ROOT' => 'C:/xampp/htdocs'
    'REQUEST_SCHEME' => 'http'
    'CONTEXT_PREFIX' => ''
    'CONTEXT_DOCUMENT_ROOT' => 'C:/xampp/htdocs'
    'SERVER_ADMIN' => 'postmaster@localhost'
    'SCRIPT_FILENAME' => 'C:/xampp/htdocs/blogyii/index.php'
    'REMOTE_PORT' => '3384'
    'REDIRECT_URL' => '/blogyii/categories/create'
    'GATEWAY_INTERFACE' => 'CGI/1.1'
    'SERVER_PROTOCOL' => 'HTTP/1.1'
    'REQUEST_METHOD' => 'GET'
    'QUERY_STRING' => ''
    'REQUEST_URI' => '/blogyii/categories/create'
    'SCRIPT_NAME' => '/blogyii/index.php'
    'PHP_SELF' => '/blogyii/index.php'
    'REQUEST_TIME_FLOAT' => 1453217836.024
    'REQUEST_TIME' => 1453217836
]
2016-01-28 17:20:53 [::1][-][-][error][yii\base\ErrorException:1] exception 'yii\base\ErrorException' with message 'Class 'common\models\Post\Categories' not found' in C:\xampp\htdocs\blogyii\common\models\Post\Post.php:46
Stack trace:
#0 [internal function]: yii\base\ErrorHandler->handleFatalError()
#1 {main}
2016-01-28 17:20:52 [::1][-][-][info][application] $_GET = [
    'id' => 'crud'
]

$_POST = [
    '_frontendCsrf' => 'cnl0M1haQWYBGkVpMR1zEAo0EAAyGwQnMRwEey5uOCE2CkFUDA5xCA=='
    'Generator' => [
        'modelClass' => 'common\\models\\Post\\Post'
        'searchModelClass' => 'backend\\models\\PostSearch'
        'controllerClass' => 'backend\\controllers\\PostController'
        'viewPath' => 'backend\\views\\Post'
        'baseControllerClass' => 'yii\\web\\Controller'
        'indexWidgetType' => 'grid'
        'enableI18N' => '1'
        'enablePjax' => '0'
        'messageCategory' => 'app'
        'template' => 'default'
    ]
    'preview' => ''
]

$_COOKIE = [
    '_frontendSessionId' => 'fhs1pvfl46v7uqn27p288aac97'
    '_frontendCsrf' => 'af5f5d42c76547dc4cb3e22a7b9bf45005766b0afaee0ab410e3e76d55efe8b1a:2:{i:0;s:13:\"_frontendCsrf\";i:1;s:32:\"sc1ZiG2vxMd3jAEACepHv4yGDs5gTT0n\";}'
    '_frontendUser' => 'b58e618e06333e5e5a0adb02e12eb89f461e55a06cd06969125cd09ed533b91ca:2:{i:0;s:13:\"_frontendUser\";i:1;s:46:\"[2,\"vEAwVxO7paaX70nxuO5y3KiDiwzBf3bj\",2592000]\";}'
]

$_SERVER = [
    'REDIRECT_MIBDIRS' => 'C:/xampp/php/extras/mibs'
    'REDIRECT_MYSQL_HOME' => '\\xampp\\mysql\\bin'
    'REDIRECT_OPENSSL_CONF' => 'C:/xampp/apache/bin/openssl.cnf'
    'REDIRECT_PHP_PEAR_SYSCONF_DIR' => '\\xampp\\php'
    'REDIRECT_PHPRC' => '\\xampp\\php'
    'REDIRECT_TMP' => '\\xampp\\tmp'
    'REDIRECT_STATUS' => '200'
    'MIBDIRS' => 'C:/xampp/php/extras/mibs'
    'MYSQL_HOME' => '\\xampp\\mysql\\bin'
    'OPENSSL_CONF' => 'C:/xampp/apache/bin/openssl.cnf'
    'PHP_PEAR_SYSCONF_DIR' => '\\xampp\\php'
    'PHPRC' => '\\xampp\\php'
    'TMP' => '\\xampp\\tmp'
    'HTTP_HOST' => 'localhost:8080'
    'HTTP_CONNECTION' => 'keep-alive'
    'CONTENT_LENGTH' => '563'
    'HTTP_CACHE_CONTROL' => 'max-age=0'
    'HTTP_ACCEPT' => 'text/html,application/xhtml+xml,application/xml;q=0.9,image/webp,*/*;q=0.8'
    'HTTP_ORIGIN' => 'http://localhost:8080'
    'HTTP_UPGRADE_INSECURE_REQUESTS' => '1'
    'HTTP_USER_AGENT' => 'Mozilla/5.0 (Windows NT 6.3; WOW64) AppleWebKit/537.36 (KHTML, like Gecko) Chrome/47.0.2526.111 Safari/537.36'
    'CONTENT_TYPE' => 'application/x-www-form-urlencoded'
    'HTTP_REFERER' => 'http://localhost:8080/blogyii/gii/crud'
    'HTTP_ACCEPT_ENCODING' => 'gzip, deflate'
    'HTTP_ACCEPT_LANGUAGE' => 'es-ES,es;q=0.8'
    'HTTP_COOKIE' => '_frontendSessionId=fhs1pvfl46v7uqn27p288aac97; _frontendCsrf=af5f5d42c76547dc4cb3e22a7b9bf45005766b0afaee0ab410e3e76d55efe8b1a%3A2%3A%7Bi%3A0%3Bs%3A13%3A%22_frontendCsrf%22%3Bi%3A1%3Bs%3A32%3A%22sc1ZiG2vxMd3jAEACepHv4yGDs5gTT0n%22%3B%7D; _frontendUser=b58e618e06333e5e5a0adb02e12eb89f461e55a06cd06969125cd09ed533b91ca%3A2%3A%7Bi%3A0%3Bs%3A13%3A%22_frontendUser%22%3Bi%3A1%3Bs%3A46%3A%22%5B2%2C%22vEAwVxO7paaX70nxuO5y3KiDiwzBf3bj%22%2C2592000%5D%22%3B%7D'
    'PATH' => 'C:\\Program Files (x86)\\Intel\\TXE Components\\TCS\\;C:\\Program Files\\Intel\\TXE Components\\TCS\\;C:\\Windows\\system32;C:\\Windows;C:\\Windows\\System32\\Wbem;C:\\Windows\\System32\\WindowsPowerShell\\v1.0\\;C:\\Program Files (x86)\\Skype\\Phone\\;C:\\Program Files (x86)\\Windows Kits\\8.1\\Windows Performance Toolkit\\;C:\\Program Files\\Microsoft SQL Server\\110\\Tools\\Binn\\;C:\\xampp\\php;C:\\ProgramData\\ComposerSetup\\bin;'
    'SystemRoot' => 'C:\\Windows'
    'COMSPEC' => 'C:\\Windows\\system32\\cmd.exe'
    'PATHEXT' => '.COM;.EXE;.BAT;.CMD;.VBS;.VBE;.JS;.JSE;.WSF;.WSH;.MSC'
    'WINDIR' => 'C:\\Windows'
    'SERVER_SIGNATURE' => '<address>Apache/2.4.10 (Win32) OpenSSL/1.0.1i PHP/5.6.3 Server at localhost Port 8080</address>
'
    'SERVER_SOFTWARE' => 'Apache/2.4.10 (Win32) OpenSSL/1.0.1i PHP/5.6.3'
    'SERVER_NAME' => 'localhost'
    'SERVER_ADDR' => '::1'
    'SERVER_PORT' => '8080'
    'REMOTE_ADDR' => '::1'
    'DOCUMENT_ROOT' => 'C:/xampp/htdocs'
    'REQUEST_SCHEME' => 'http'
    'CONTEXT_PREFIX' => ''
    'CONTEXT_DOCUMENT_ROOT' => 'C:/xampp/htdocs'
    'SERVER_ADMIN' => 'postmaster@localhost'
    'SCRIPT_FILENAME' => 'C:/xampp/htdocs/blogyii/index.php'
    'REMOTE_PORT' => '5378'
    'REDIRECT_URL' => '/blogyii/gii/crud'
    'GATEWAY_INTERFACE' => 'CGI/1.1'
    'SERVER_PROTOCOL' => 'HTTP/1.1'
    'REQUEST_METHOD' => 'POST'
    'QUERY_STRING' => ''
    'REQUEST_URI' => '/blogyii/gii/crud'
    'SCRIPT_NAME' => '/blogyii/index.php'
    'PHP_SELF' => '/blogyii/index.php'
    'REQUEST_TIME_FLOAT' => 1453998052.385
    'REQUEST_TIME' => 1453998052
]
2016-01-28 17:21:51 [::1][-][-][error][yii\base\ErrorException:1] exception 'yii\base\ErrorException' with message 'Class 'common\models\Post\Categories' not found' in C:\xampp\htdocs\blogyii\common\models\Post\Post.php:46
Stack trace:
#0 [internal function]: yii\base\ErrorHandler->handleFatalError()
#1 {main}
2016-01-28 17:21:50 [::1][-][-][info][application] $_GET = [
    'id' => 'crud'
]

$_POST = [
    '_frontendCsrf' => 'cnl0M1haQWYBGkVpMR1zEAo0EAAyGwQnMRwEey5uOCE2CkFUDA5xCA=='
    'Generator' => [
        'modelClass' => 'common\\models\\Post\\Post'
        'searchModelClass' => 'backend\\models\\PostSearch'
        'controllerClass' => 'backend\\controllers\\PostController'
        'viewPath' => 'backend\\views\\Post'
        'baseControllerClass' => 'yii\\web\\Controller'
        'indexWidgetType' => 'grid'
        'enableI18N' => '1'
        'enablePjax' => '0'
        'messageCategory' => 'app'
        'template' => 'default'
    ]
    'preview' => ''
]

$_COOKIE = [
    '_frontendSessionId' => 'fhs1pvfl46v7uqn27p288aac97'
    '_frontendCsrf' => 'af5f5d42c76547dc4cb3e22a7b9bf45005766b0afaee0ab410e3e76d55efe8b1a:2:{i:0;s:13:\"_frontendCsrf\";i:1;s:32:\"sc1ZiG2vxMd3jAEACepHv4yGDs5gTT0n\";}'
    '_frontendUser' => 'b58e618e06333e5e5a0adb02e12eb89f461e55a06cd06969125cd09ed533b91ca:2:{i:0;s:13:\"_frontendUser\";i:1;s:46:\"[2,\"vEAwVxO7paaX70nxuO5y3KiDiwzBf3bj\",2592000]\";}'
]

$_SERVER = [
    'REDIRECT_MIBDIRS' => 'C:/xampp/php/extras/mibs'
    'REDIRECT_MYSQL_HOME' => '\\xampp\\mysql\\bin'
    'REDIRECT_OPENSSL_CONF' => 'C:/xampp/apache/bin/openssl.cnf'
    'REDIRECT_PHP_PEAR_SYSCONF_DIR' => '\\xampp\\php'
    'REDIRECT_PHPRC' => '\\xampp\\php'
    'REDIRECT_TMP' => '\\xampp\\tmp'
    'REDIRECT_STATUS' => '200'
    'MIBDIRS' => 'C:/xampp/php/extras/mibs'
    'MYSQL_HOME' => '\\xampp\\mysql\\bin'
    'OPENSSL_CONF' => 'C:/xampp/apache/bin/openssl.cnf'
    'PHP_PEAR_SYSCONF_DIR' => '\\xampp\\php'
    'PHPRC' => '\\xampp\\php'
    'TMP' => '\\xampp\\tmp'
    'HTTP_HOST' => 'localhost:8080'
    'HTTP_CONNECTION' => 'keep-alive'
    'CONTENT_LENGTH' => '563'
    'HTTP_CACHE_CONTROL' => 'max-age=0'
    'HTTP_ACCEPT' => 'text/html,application/xhtml+xml,application/xml;q=0.9,image/webp,*/*;q=0.8'
    'HTTP_ORIGIN' => 'http://localhost:8080'
    'HTTP_UPGRADE_INSECURE_REQUESTS' => '1'
    'HTTP_USER_AGENT' => 'Mozilla/5.0 (Windows NT 6.3; WOW64) AppleWebKit/537.36 (KHTML, like Gecko) Chrome/47.0.2526.111 Safari/537.36'
    'CONTENT_TYPE' => 'application/x-www-form-urlencoded'
    'HTTP_REFERER' => 'http://localhost:8080/blogyii/gii/crud'
    'HTTP_ACCEPT_ENCODING' => 'gzip, deflate'
    'HTTP_ACCEPT_LANGUAGE' => 'es-ES,es;q=0.8'
    'HTTP_COOKIE' => '_frontendSessionId=fhs1pvfl46v7uqn27p288aac97; _frontendCsrf=af5f5d42c76547dc4cb3e22a7b9bf45005766b0afaee0ab410e3e76d55efe8b1a%3A2%3A%7Bi%3A0%3Bs%3A13%3A%22_frontendCsrf%22%3Bi%3A1%3Bs%3A32%3A%22sc1ZiG2vxMd3jAEACepHv4yGDs5gTT0n%22%3B%7D; _frontendUser=b58e618e06333e5e5a0adb02e12eb89f461e55a06cd06969125cd09ed533b91ca%3A2%3A%7Bi%3A0%3Bs%3A13%3A%22_frontendUser%22%3Bi%3A1%3Bs%3A46%3A%22%5B2%2C%22vEAwVxO7paaX70nxuO5y3KiDiwzBf3bj%22%2C2592000%5D%22%3B%7D'
    'PATH' => 'C:\\Program Files (x86)\\Intel\\TXE Components\\TCS\\;C:\\Program Files\\Intel\\TXE Components\\TCS\\;C:\\Windows\\system32;C:\\Windows;C:\\Windows\\System32\\Wbem;C:\\Windows\\System32\\WindowsPowerShell\\v1.0\\;C:\\Program Files (x86)\\Skype\\Phone\\;C:\\Program Files (x86)\\Windows Kits\\8.1\\Windows Performance Toolkit\\;C:\\Program Files\\Microsoft SQL Server\\110\\Tools\\Binn\\;C:\\xampp\\php;C:\\ProgramData\\ComposerSetup\\bin;'
    'SystemRoot' => 'C:\\Windows'
    'COMSPEC' => 'C:\\Windows\\system32\\cmd.exe'
    'PATHEXT' => '.COM;.EXE;.BAT;.CMD;.VBS;.VBE;.JS;.JSE;.WSF;.WSH;.MSC'
    'WINDIR' => 'C:\\Windows'
    'SERVER_SIGNATURE' => '<address>Apache/2.4.10 (Win32) OpenSSL/1.0.1i PHP/5.6.3 Server at localhost Port 8080</address>
'
    'SERVER_SOFTWARE' => 'Apache/2.4.10 (Win32) OpenSSL/1.0.1i PHP/5.6.3'
    'SERVER_NAME' => 'localhost'
    'SERVER_ADDR' => '::1'
    'SERVER_PORT' => '8080'
    'REMOTE_ADDR' => '::1'
    'DOCUMENT_ROOT' => 'C:/xampp/htdocs'
    'REQUEST_SCHEME' => 'http'
    'CONTEXT_PREFIX' => ''
    'CONTEXT_DOCUMENT_ROOT' => 'C:/xampp/htdocs'
    'SERVER_ADMIN' => 'postmaster@localhost'
    'SCRIPT_FILENAME' => 'C:/xampp/htdocs/blogyii/index.php'
    'REMOTE_PORT' => '5390'
    'REDIRECT_URL' => '/blogyii/gii/crud'
    'GATEWAY_INTERFACE' => 'CGI/1.1'
    'SERVER_PROTOCOL' => 'HTTP/1.1'
    'REQUEST_METHOD' => 'POST'
    'QUERY_STRING' => ''
    'REQUEST_URI' => '/blogyii/gii/crud'
    'SCRIPT_NAME' => '/blogyii/index.php'
    'PHP_SELF' => '/blogyii/index.php'
    'REQUEST_TIME_FLOAT' => 1453998110.8
    'REQUEST_TIME' => 1453998110
]
